<?xml version="1.0" encoding="UTF-8"?>
<testng-results skipped="0" failed="0" total="1" passed="1">
  <reporter-output>
  </reporter-output>
  <suite name="Default suite" duration-ms="30662" started-at="2019-06-16T10:45:15Z" finished-at="2019-06-16T10:45:46Z">
    <groups>
    </groups>
    <test name="Default test" duration-ms="30662" started-at="2019-06-16T10:45:15Z" finished-at="2019-06-16T10:45:46Z">
      <class name="runner.Demo_Non">
        <test-method status="PASS" signature="testing()[pri:0, instance:runner.Demo_Non@3532ec19]" name="testing" duration-ms="30650" started-at="2019-06-16T16:15:15Z" finished-at="2019-06-16T16:15:46Z">
          <reporter-output>
          </reporter-output>
        </test-method> <!-- testing -->
      </class> <!-- runner.Demo_Non -->
    </test> <!-- Default test -->
  </suite> <!-- Default suite -->
</testng-results>
